\BOOKMARK [1][-]{section.1}{1/27/2020}{}% 1
\BOOKMARK [2][-]{subsection.1.1}{Lecture Notes}{section.1}% 2
\BOOKMARK [2][-]{subsection.1.2}{Assigned Readings}{section.1}% 3
\BOOKMARK [1][-]{section.2}{1/29/2020}{}% 4
\BOOKMARK [2][-]{subsection.2.1}{Lecture Notes}{section.2}% 5
\BOOKMARK [2][-]{subsection.2.2}{Assigned Readings}{section.2}% 6
\BOOKMARK [1][-]{section.3}{1/31/2020}{}% 7
\BOOKMARK [2][-]{subsection.3.1}{Lecture Notes}{section.3}% 8
\BOOKMARK [2][-]{subsection.3.2}{Assigned Readingss}{section.3}% 9
\BOOKMARK [1][-]{section.4}{2/3/2020}{}% 10
\BOOKMARK [2][-]{subsection.4.1}{Lecture Slides}{section.4}% 11
\BOOKMARK [2][-]{subsection.4.2}{Assigned Readings}{section.4}% 12
\BOOKMARK [1][-]{section.5}{2/5/2020}{}% 13
\BOOKMARK [2][-]{subsection.5.1}{Lecture Slides}{section.5}% 14
\BOOKMARK [2][-]{subsection.5.2}{Assigned Readings}{section.5}% 15
\BOOKMARK [1][-]{section.6}{2/7/2020}{}% 16
\BOOKMARK [2][-]{subsection.6.1}{Lecture Notes}{section.6}% 17
\BOOKMARK [2][-]{subsection.6.2}{Assigned Readings}{section.6}% 18
\BOOKMARK [1][-]{section.7}{2/10/2020}{}% 19
\BOOKMARK [2][-]{subsection.7.1}{Lecture Notes}{section.7}% 20
\BOOKMARK [1][-]{section.8}{2/12/2020}{}% 21
\BOOKMARK [2][-]{subsection.8.1}{Lecture Notes}{section.8}% 22
\BOOKMARK [2][-]{subsection.8.2}{Assigned Readings}{section.8}% 23
\BOOKMARK [1][-]{section.9}{2/14/2020}{}% 24
\BOOKMARK [2][-]{subsection.9.1}{Lecture Slides}{section.9}% 25
\BOOKMARK [2][-]{subsection.9.2}{Assigned Readings}{section.9}% 26
\BOOKMARK [1][-]{section.10}{2/17/2020}{}% 27
\BOOKMARK [2][-]{subsection.10.1}{Lecture Slides}{section.10}% 28
\BOOKMARK [1][-]{section.11}{2/19/2020}{}% 29
\BOOKMARK [2][-]{subsection.11.1}{Lecture Slides}{section.11}% 30
\BOOKMARK [1][-]{section.12}{2/21/2020}{}% 31
\BOOKMARK [2][-]{subsection.12.1}{Lecture Slides}{section.12}% 32
\BOOKMARK [2][-]{subsection.12.2}{Assigned Readings}{section.12}% 33
\BOOKMARK [1][-]{section.13}{2/24/2020}{}% 34
\BOOKMARK [2][-]{subsection.13.1}{Lecture Slides}{section.13}% 35
\BOOKMARK [1][-]{section.14}{2/26/2020}{}% 36
\BOOKMARK [2][-]{subsection.14.1}{Lecture Slides}{section.14}% 37
\BOOKMARK [1][-]{section.15}{2/28/2020}{}% 38
\BOOKMARK [2][-]{subsection.15.1}{Lecture Slides}{section.15}% 39
\BOOKMARK [1][-]{section.16}{3/02/2020}{}% 40
\BOOKMARK [2][-]{subsection.16.1}{Lecture Slides}{section.16}% 41
\BOOKMARK [2][-]{subsection.16.2}{Assigned Readings}{section.16}% 42
\BOOKMARK [1][-]{section.17}{3/04/2020}{}% 43
\BOOKMARK [2][-]{subsection.17.1}{Lecture Slides}{section.17}% 44
\BOOKMARK [2][-]{subsection.17.2}{Assigned Readings}{section.17}% 45
\BOOKMARK [1][-]{section.18}{3/06/2020}{}% 46
\BOOKMARK [2][-]{subsection.18.1}{Lecture Slides}{section.18}% 47
\BOOKMARK [1][-]{section.19}{3/22/2020}{}% 48
\BOOKMARK [2][-]{subsection.19.1}{Time}{section.19}% 49
\BOOKMARK [3][-]{subsubsection.19.1.1}{Lecture Slides}{subsection.19.1}% 50
\BOOKMARK [3][-]{subsubsection.19.1.2}{Assigned Reading}{subsection.19.1}% 51
\BOOKMARK [2][-]{subsection.19.2}{Documentation}{section.19}% 52
\BOOKMARK [3][-]{subsubsection.19.2.1}{Lecture Slides}{subsection.19.2}% 53
\BOOKMARK [3][-]{subsubsection.19.2.2}{Assigned Reading}{subsection.19.2}% 54
\BOOKMARK [2][-]{subsection.19.3}{Verilog Introduction}{section.19}% 55
\BOOKMARK [3][-]{subsubsection.19.3.1}{Lecture Slides}{subsection.19.3}% 56
\BOOKMARK [3][-]{subsubsection.19.3.2}{Assigned Reading}{subsection.19.3}% 57
\BOOKMARK [2][-]{subsection.19.4}{Verilog Terminology}{section.19}% 58
\BOOKMARK [3][-]{subsubsection.19.4.1}{Lecture Slides}{subsection.19.4}% 59
\BOOKMARK [3][-]{subsubsection.19.4.2}{Assigned Reading}{subsection.19.4}% 60
\BOOKMARK [1][-]{section.20}{3/29/2020}{}% 61
\BOOKMARK [2][-]{subsection.20.1}{MSI}{section.20}% 62
\BOOKMARK [2][-]{subsection.20.2}{Shifting}{section.20}% 63
\BOOKMARK [2][-]{subsection.20.3}{Rotating}{section.20}% 64
\BOOKMARK [2][-]{subsection.20.4}{Mux Intro}{section.20}% 65
\BOOKMARK [1][-]{section.21}{4/05/2020}{}% 66
\BOOKMARK [2][-]{subsection.21.1}{Decoders}{section.21}% 67
\BOOKMARK [3][-]{subsubsection.21.1.1}{Lecture Slides}{subsection.21.1}% 68
\BOOKMARK [3][-]{subsubsection.21.1.2}{Assigned Reading}{subsection.21.1}% 69
\BOOKMARK [2][-]{subsection.21.2}{Encoders}{section.21}% 70
\BOOKMARK [2][-]{subsection.21.3}{Continuous Assignment}{section.21}% 71
\BOOKMARK [3][-]{subsubsection.21.3.1}{Lecture Slides}{subsection.21.3}% 72
\BOOKMARK [3][-]{subsubsection.21.3.2}{Assigned Reading}{subsection.21.3}% 73
\BOOKMARK [2][-]{subsection.21.4}{Behavioral Verilog}{section.21}% 74
\BOOKMARK [3][-]{subsubsection.21.4.1}{Lecture Slides}{subsection.21.4}% 75
\BOOKMARK [3][-]{subsubsection.21.4.2}{Assigned Reading}{subsection.21.4}% 76
\BOOKMARK [2][-]{subsection.21.5}{Test Benches}{section.21}% 77
\BOOKMARK [3][-]{subsubsection.21.5.1}{Lecture Slides}{subsection.21.5}% 78
\BOOKMARK [3][-]{subsubsection.21.5.2}{Assigned Reading}{subsection.21.5}% 79
\BOOKMARK [1][-]{section.22}{4/12/2020}{}% 80
\BOOKMARK [2][-]{subsection.22.1}{What Is Sequential Logic?}{section.22}% 81
\BOOKMARK [3][-]{subsubsection.22.1.1}{Lecture Slides}{subsection.22.1}% 82
\BOOKMARK [3][-]{subsubsection.22.1.2}{Assigned Reading}{subsection.22.1}% 83
\BOOKMARK [2][-]{subsection.22.2}{Latches}{section.22}% 84
\BOOKMARK [2][-]{subsection.22.3}{Flip-Flops}{section.22}% 85
\BOOKMARK [3][-]{subsubsection.22.3.1}{Lecture Slides}{subsection.22.3}% 86
\BOOKMARK [3][-]{subsubsection.22.3.2}{Assigned Reading}{subsection.22.3}% 87
\BOOKMARK [2][-]{subsection.22.4}{Sequential MSI Devices}{section.22}% 88
\BOOKMARK [3][-]{subsubsection.22.4.1}{Lecture Slides}{subsection.22.4}% 89
\BOOKMARK [3][-]{subsubsection.22.4.2}{Assigned Reading}{subsection.22.4}% 90
\BOOKMARK [1][-]{section.23}{4/19/2020}{}% 91
\BOOKMARK [2][-]{subsection.23.1}{What Is an FSM?}{section.23}% 92
\BOOKMARK [2][-]{subsection.23.2}{FSM Design Algorithm}{section.23}% 93
\BOOKMARK [1][-]{section.24}{4/26/2020}{}% 94
\BOOKMARK [2][-]{subsection.24.1}{Implementation With DFF Review}{section.24}% 95
\BOOKMARK [2][-]{subsection.24.2}{FSM Verilog Part 2}{section.24}% 96
\BOOKMARK [2][-]{subsection.24.3}{Implementation With TFF}{section.24}% 97
\BOOKMARK [2][-]{subsection.24.4}{Memory Devices}{section.24}% 98
