This is pdfTeX, Version 3.14159265-2.6-1.40.21 (MiKTeX 2.9.7300 64-bit) (preloaded format=pdflatex 2020.3.6)  12 MAR 2020 10:16
entering extended mode
**./Color.tex
(Color.tex
LaTeX2e <2020-02-02> patch level 5
L3 programming layer <2020-03-03>
("C:\Users\gytan\AppData\Local\Programs\MiKTeX 2.9\tex/latex/base\report.cls"
Document Class: report 2019/12/20 v1.4l Standard LaTeX document class
("C:\Users\gytan\AppData\Local\Programs\MiKTeX 2.9\tex/latex/base\size12.clo"
File: size12.clo 2019/12/20 v1.4l Standard LaTeX file (size option)
)
\c@part=\count167
\c@chapter=\count168
\c@section=\count169
\c@subsection=\count170
\c@subsubsection=\count171
\c@paragraph=\count172
\c@subparagraph=\count173
\c@figure=\count174
\c@table=\count175
\abovecaptionskip=\skip47
\belowcaptionskip=\skip48
\bibindent=\dimen134
) ("C:\Users\gytan\AppData\Local\Programs\MiKTeX 2.9\tex/latex/base\inputenc.st
y"
Package: inputenc 2018/08/11 v1.3c Input encoding file
\inpenc@prehook=\toks15
\inpenc@posthook=\toks16
)
("C:\Users\gytan\AppData\Local\Programs\MiKTeX 2.9\tex/latex/amsmath\amsmath.st
y"
Package: amsmath 2020/01/20 v2.17e AMS math features
\@mathmargin=\skip49

For additional information on amsmath, use the `?' option.

("C:\Users\gytan\AppData\Local\Programs\MiKTeX 2.9\tex/latex/amsmath\amstext.st
y"
Package: amstext 2000/06/29 v2.01 AMS text

("C:\Users\gytan\AppData\Local\Programs\MiKTeX 2.9\tex/latex/amsmath\amsgen.sty
"
File: amsgen.sty 1999/11/30 v2.0 generic functions
\@emptytoks=\toks17
\ex@=\dimen135
))
("C:\Users\gytan\AppData\Local\Programs\MiKTeX 2.9\tex/latex/amsmath\amsbsy.sty
"
Package: amsbsy 1999/11/29 v1.2d Bold Symbols
\pmbraise@=\dimen136
)
("C:\Users\gytan\AppData\Local\Programs\MiKTeX 2.9\tex/latex/amsmath\amsopn.sty
"
Package: amsopn 2016/03/08 v2.02 operator names
)
\inf@bad=\count176
LaTeX Info: Redefining \frac on input line 227.
\uproot@=\count177
\leftroot@=\count178
LaTeX Info: Redefining \overline on input line 389.
\classnum@=\count179
\DOTSCASE@=\count180
LaTeX Info: Redefining \ldots on input line 486.
LaTeX Info: Redefining \dots on input line 489.
LaTeX Info: Redefining \cdots on input line 610.
\Mathstrutbox@=\box45
\strutbox@=\box46
\big@size=\dimen137
LaTeX Font Info:    Redeclaring font encoding OML on input line 733.
LaTeX Font Info:    Redeclaring font encoding OMS on input line 734.
\macc@depth=\count181
\c@MaxMatrixCols=\count182
\dotsspace@=\muskip16
\c@parentequation=\count183
\dspbrk@lvl=\count184
\tag@help=\toks18
\row@=\count185
\column@=\count186
\maxfields@=\count187
\andhelp@=\toks19
\eqnshift@=\dimen138
\alignsep@=\dimen139
\tagshift@=\dimen140
\tagwidth@=\dimen141
\totwidth@=\dimen142
\lineht@=\dimen143
\@envbody=\toks20
\multlinegap=\skip50
\multlinetaggap=\skip51
\mathdisplay@stack=\toks21
LaTeX Info: Redefining \[ on input line 2859.
LaTeX Info: Redefining \] on input line 2860.
)
("C:\Users\gytan\AppData\Local\Programs\MiKTeX 2.9\tex/latex/amsfonts\amsfonts.
sty"
Package: amsfonts 2013/01/14 v3.01 Basic AMSFonts support
\symAMSa=\mathgroup4
\symAMSb=\mathgroup5
LaTeX Font Info:    Redeclaring math symbol \hbar on input line 98.
LaTeX Font Info:    Overwriting math alphabet `\mathfrak' in version `bold'
(Font)                  U/euf/m/n --> U/euf/b/n on input line 106.
)
("C:\Users\gytan\AppData\Local\Programs\MiKTeX 2.9\tex/latex/amsfonts\amssymb.s
ty"
Package: amssymb 2013/01/14 v3.01 AMS font symbols
)
("C:\Users\gytan\AppData\Local\Programs\MiKTeX 2.9\tex/latex/graphics\graphicx.
sty"
Package: graphicx 2019/11/30 v1.2a Enhanced LaTeX Graphics (DPC,SPQR)

("C:\Users\gytan\AppData\Local\Programs\MiKTeX 2.9\tex/latex/graphics\keyval.st
y"
Package: keyval 2014/10/28 v1.15 key=value parser (DPC)
\KV@toks@=\toks22
)
("C:\Users\gytan\AppData\Local\Programs\MiKTeX 2.9\tex/latex/graphics\graphics.
sty"
Package: graphics 2019/11/30 v1.4a Standard LaTeX Graphics (DPC,SPQR)

("C:\Users\gytan\AppData\Local\Programs\MiKTeX 2.9\tex/latex/graphics\trig.sty"
Package: trig 2016/01/03 v1.10 sin cos tan (DPC)
)
("C:\Users\gytan\AppData\Local\Programs\MiKTeX 2.9\tex/latex/graphics-cfg\graph
ics.cfg"
File: graphics.cfg 2016/06/04 v1.11 sample graphics configuration
)
Package graphics Info: Driver file: pdftex.def on input line 105.

("C:\Users\gytan\AppData\Local\Programs\MiKTeX 2.9\tex/latex/graphics-def\pdfte
x.def"
File: pdftex.def 2018/01/08 v1.0l Graphics/color driver for pdftex
))
\Gin@req@height=\dimen144
\Gin@req@width=\dimen145
)
("C:\Users\gytan\AppData\Local\Programs\MiKTeX 2.9\tex/latex/pdfpages\pdfpages.
sty"
Package: pdfpages 2020/01/28 v0.5q Insert pages of external PDF documents (AM)

("C:\Users\gytan\AppData\Local\Programs\MiKTeX 2.9\tex/latex/base\ifthen.sty"
Package: ifthen 2014/09/29 v1.1c Standard LaTeX ifthen package (DPC)
)
("C:\Users\gytan\AppData\Local\Programs\MiKTeX 2.9\tex/latex/tools\calc.sty"
Package: calc 2017/05/25 v4.3 Infix arithmetic (KKT,FJ)
\calc@Acount=\count188
\calc@Bcount=\count189
\calc@Adimen=\dimen146
\calc@Bdimen=\dimen147
\calc@Askip=\skip52
\calc@Bskip=\skip53
LaTeX Info: Redefining \setlength on input line 80.
LaTeX Info: Redefining \addtolength on input line 81.
\calc@Ccount=\count190
\calc@Cskip=\skip54
)
("C:\Users\gytan\AppData\Local\Programs\MiKTeX 2.9\tex/latex/eso-pic\eso-pic.st
y"
Package: eso-pic 2018/04/12 v2.0h eso-pic (RN)

("C:\Users\gytan\AppData\Local\Programs\MiKTeX 2.9\tex/generic/atbegshi\atbegsh
i.sty"
Package: atbegshi 2019/12/05 v1.19 At begin shipout hook (HO)

("C:\Users\gytan\AppData\Local\Programs\MiKTeX 2.9\tex/generic/infwarerr\infwar
err.sty"
Package: infwarerr 2019/12/03 v1.5 Providing info/warning/error messages (HO)
)
("C:\Users\gytan\AppData\Local\Programs\MiKTeX 2.9\tex/generic/ltxcmds\ltxcmds.
sty"
Package: ltxcmds 2019/12/15 v1.24 LaTeX kernel commands for general use (HO)
)
("C:\Users\gytan\AppData\Local\Programs\MiKTeX 2.9\tex/generic/iftex\iftex.sty"
Package: iftex 2019/11/07 v1.0c TeX engine tests
))
("C:\Users\gytan\AppData\Local\Programs\MiKTeX 2.9\tex/latex/xcolor\xcolor.sty"
Package: xcolor 2016/05/11 v2.12 LaTeX color extensions (UK)

("C:\Users\gytan\AppData\Local\Programs\MiKTeX 2.9\tex/latex/graphics-cfg\color
.cfg"
File: color.cfg 2016/01/02 v1.6 sample color configuration
)
Package xcolor Info: Driver file: pdftex.def on input line 225.
Package xcolor Info: Model `cmy' substituted by `cmy0' on input line 1348.
Package xcolor Info: Model `hsb' substituted by `rgb' on input line 1352.
Package xcolor Info: Model `RGB' extended on input line 1364.
Package xcolor Info: Model `HTML' substituted by `rgb' on input line 1366.
Package xcolor Info: Model `Hsb' substituted by `hsb' on input line 1367.
Package xcolor Info: Model `tHsb' substituted by `hsb' on input line 1368.
Package xcolor Info: Model `HSB' substituted by `hsb' on input line 1369.
Package xcolor Info: Model `Gray' substituted by `gray' on input line 1370.
Package xcolor Info: Model `wave' substituted by `hsb' on input line 1371.
))
\AM@pagewidth=\dimen148
\AM@pageheight=\dimen149

("C:\Users\gytan\AppData\Local\Programs\MiKTeX 2.9\tex/latex/pdfpages\pppdftex.
def"
File: pppdftex.def 2020/01/28 v0.5q Pdfpages driver for pdfTeX (AM)
)
\AM@pagebox=\box47
\AM@global@opts=\toks23
\AM@pagecnt=\count191
\AM@toc@title=\toks24
\c@AM@survey=\count192
\AM@templatesizebox=\box48
)
("C:\Users\gytan\AppData\Local\Programs\MiKTeX 2.9\tex/latex/l3backend\l3backen
d-pdfmode.def"
File: l3backend-pdfmode.def 2020-02-23 L3 backend support: PDF mode
\l__kernel_color_stack_int=\count193
\l__pdf_internal_box=\box49
) (Color.aux)
\openout1 = `Color.aux'.

LaTeX Font Info:    Checking defaults for OML/cmm/m/it on input line 9.
LaTeX Font Info:    ... okay on input line 9.
LaTeX Font Info:    Checking defaults for OMS/cmsy/m/n on input line 9.
LaTeX Font Info:    ... okay on input line 9.
LaTeX Font Info:    Checking defaults for OT1/cmr/m/n on input line 9.
LaTeX Font Info:    ... okay on input line 9.
LaTeX Font Info:    Checking defaults for T1/cmr/m/n on input line 9.
LaTeX Font Info:    ... okay on input line 9.
LaTeX Font Info:    Checking defaults for TS1/cmr/m/n on input line 9.
LaTeX Font Info:    ... okay on input line 9.
LaTeX Font Info:    Checking defaults for OMX/cmex/m/n on input line 9.
LaTeX Font Info:    ... okay on input line 9.
LaTeX Font Info:    Checking defaults for U/cmr/m/n on input line 9.
LaTeX Font Info:    ... okay on input line 9.

("C:\Users\gytan\AppData\Local\Programs\MiKTeX 2.9\tex/context/base/mkii\supp-p
df.mkii"
[Loading MPS to PDF converter (version 2006.09.02).]
\scratchcounter=\count194
\scratchdimen=\dimen150
\scratchbox=\box50
\nofMPsegments=\count195
\nofMParguments=\count196
\everyMPshowfont=\toks25
\MPscratchCnt=\count197
\MPscratchDim=\dimen151
\MPnumerator=\count198
\makeMPintoPDFobject=\count199
\everyMPtoPDFconversion=\toks26
)
("C:\Users\gytan\AppData\Local\Programs\MiKTeX 2.9\tex/latex/epstopdf-pkg\epsto
pdf-base.sty"
Package: epstopdf-base 2020-01-24 v2.11 Base part for package epstopdf
Package epstopdf-base Info: Redefining graphics rule for `.eps' on input line 4
85.
)
\AtBeginShipoutBox=\box51

("C:\Users\gytan\AppData\Local\Programs\MiKTeX 2.9\tex/latex/pdflscape\pdflscap
e.sty"
Package: pdflscape 2019/12/05 v0.12 Display of landscape pages in PDF (HO)

("C:\Users\gytan\AppData\Local\Programs\MiKTeX 2.9\tex/latex/graphics\lscape.st
y"
Package: lscape 2000/10/22 v3.01 Landscape Pages (DPC)
)
Package pdflscape Info: Auto-detected driver: pdftex on input line 81.
)
<Notes.pdf, id=1, 597.50829pt x 845.0471pt>
File: Notes.pdf Graphic file (type pdf)
<use Notes.pdf>
Package pdftex.def Info: Notes.pdf  used on input line 10.
(pdftex.def)             Requested size: 597.50682pt x 845.04504pt.
File: Notes.pdf Graphic file (type pdf)
<use Notes.pdf>
Package pdftex.def Info: Notes.pdf  used on input line 10.
(pdftex.def)             Requested size: 597.50682pt x 845.04504pt.
File: Notes.pdf Graphic file (type pdf)
<use Notes.pdf>
Package pdftex.def Info: Notes.pdf  used on input line 10.
(pdftex.def)             Requested size: 597.50682pt x 845.04504pt.
<Notes.pdf, id=5, page=7, 597.50829pt x 845.0471pt>
File: Notes.pdf Graphic file (type pdf)
<use Notes.pdf, page 7>
Package pdftex.def Info: Notes.pdf , page7 used on input line 10.
(pdftex.def)             Requested size: 597.50682pt x 845.04504pt.
File: Notes.pdf Graphic file (type pdf)
<use Notes.pdf, page 7>
Package pdftex.def Info: Notes.pdf , page7 used on input line 10.
(pdftex.def)             Requested size: 597.53416pt x 845.08372pt.
File: Notes.pdf Graphic file (type pdf)
<use Notes.pdf, page 7>
Package pdftex.def Info: Notes.pdf , page7 used on input line 10.
(pdftex.def)             Requested size: 597.53416pt x 845.08372pt.
File: Notes.pdf Graphic file (type pdf)
<use Notes.pdf, page 7>
Package pdftex.def Info: Notes.pdf , page7 used on input line 10.
(pdftex.def)             Requested size: 597.53416pt x 845.08372pt.
File: Notes.pdf Graphic file (type pdf)
<use Notes.pdf, page 7>
Package pdftex.def Info: Notes.pdf , page7 used on input line 10.
(pdftex.def)             Requested size: 597.53416pt x 845.08372pt.
 [1

 <./Notes.pdf{C:/Users/gytan/AppData/Local/MiKTeX/2.9/pdftex/config/pdftex.map}
>]
<Notes.pdf, id=41, page=8, 597.50829pt x 845.0471pt>
File: Notes.pdf Graphic file (type pdf)
<use Notes.pdf, page 8>
Package pdftex.def Info: Notes.pdf , page8 used on input line 10.
(pdftex.def)             Requested size: 597.53416pt x 845.08372pt.
File: Notes.pdf Graphic file (type pdf)
<use Notes.pdf, page 8>
Package pdftex.def Info: Notes.pdf , page8 used on input line 10.
(pdftex.def)             Requested size: 597.53416pt x 845.08372pt.
File: Notes.pdf Graphic file (type pdf)
<use Notes.pdf, page 8>
Package pdftex.def Info: Notes.pdf , page8 used on input line 10.
(pdftex.def)             Requested size: 597.53416pt x 845.08372pt.
 [2 <./Notes.pdf>]
File: Notes.pdf Graphic file (type pdf)
<use Notes.pdf>
Package pdftex.def Info: Notes.pdf  used on input line 11.
(pdftex.def)             Requested size: 597.50682pt x 845.04504pt.
File: Notes.pdf Graphic file (type pdf)
<use Notes.pdf>
Package pdftex.def Info: Notes.pdf  used on input line 11.
(pdftex.def)             Requested size: 597.50682pt x 845.04504pt.
File: Notes.pdf Graphic file (type pdf)
<use Notes.pdf>
Package pdftex.def Info: Notes.pdf  used on input line 11.
(pdftex.def)             Requested size: 597.50682pt x 845.04504pt.
<Notes.pdf, id=48, page=9, 597.50829pt x 845.0471pt>
File: Notes.pdf Graphic file (type pdf)
<use Notes.pdf, page 9>
Package pdftex.def Info: Notes.pdf , page9 used on input line 11.
(pdftex.def)             Requested size: 597.50682pt x 845.04504pt.
File: Notes.pdf Graphic file (type pdf)
<use Notes.pdf, page 9>
Package pdftex.def Info: Notes.pdf , page9 used on input line 11.
(pdftex.def)             Requested size: 597.53416pt x 845.08372pt.
File: Notes.pdf Graphic file (type pdf)
<use Notes.pdf, page 9>
Package pdftex.def Info: Notes.pdf , page9 used on input line 11.
(pdftex.def)             Requested size: 597.53416pt x 845.08372pt.
File: Notes.pdf Graphic file (type pdf)
<use Notes.pdf, page 9>
Package pdftex.def Info: Notes.pdf , page9 used on input line 11.
(pdftex.def)             Requested size: 597.53416pt x 845.08372pt.
File: Notes.pdf Graphic file (type pdf)
<use Notes.pdf, page 9>
Package pdftex.def Info: Notes.pdf , page9 used on input line 11.
(pdftex.def)             Requested size: 597.53416pt x 845.08372pt.
 [3 <./Notes.pdf>]
<Notes.pdf, id=52, page=10, 597.50829pt x 845.0471pt>
File: Notes.pdf Graphic file (type pdf)
<use Notes.pdf, page 10>
Package pdftex.def Info: Notes.pdf , page10 used on input line 11.
(pdftex.def)             Requested size: 597.53416pt x 845.08372pt.
File: Notes.pdf Graphic file (type pdf)
<use Notes.pdf, page 10>
Package pdftex.def Info: Notes.pdf , page10 used on input line 11.
(pdftex.def)             Requested size: 597.53416pt x 845.08372pt.
File: Notes.pdf Graphic file (type pdf)
<use Notes.pdf, page 10>
Package pdftex.def Info: Notes.pdf , page10 used on input line 11.
(pdftex.def)             Requested size: 597.53416pt x 845.08372pt.
 [4 <./Notes.pdf>]
File: Notes.pdf Graphic file (type pdf)
<use Notes.pdf>
Package pdftex.def Info: Notes.pdf  used on input line 12.
(pdftex.def)             Requested size: 597.50682pt x 845.04504pt.
File: Notes.pdf Graphic file (type pdf)
<use Notes.pdf>
Package pdftex.def Info: Notes.pdf  used on input line 12.
(pdftex.def)             Requested size: 597.50682pt x 845.04504pt.
File: Notes.pdf Graphic file (type pdf)
<use Notes.pdf>
Package pdftex.def Info: Notes.pdf  used on input line 12.
(pdftex.def)             Requested size: 597.50682pt x 845.04504pt.
<Notes.pdf, id=74, page=11, 597.50829pt x 845.0471pt>
File: Notes.pdf Graphic file (type pdf)
<use Notes.pdf, page 11>
Package pdftex.def Info: Notes.pdf , page11 used on input line 12.
(pdftex.def)             Requested size: 597.50682pt x 845.04504pt.
File: Notes.pdf Graphic file (type pdf)
<use Notes.pdf, page 11>
Package pdftex.def Info: Notes.pdf , page11 used on input line 12.
(pdftex.def)             Requested size: 597.53416pt x 845.08372pt.
File: Notes.pdf Graphic file (type pdf)
<use Notes.pdf, page 11>
Package pdftex.def Info: Notes.pdf , page11 used on input line 12.
(pdftex.def)             Requested size: 597.53416pt x 845.08372pt.
File: Notes.pdf Graphic file (type pdf)
<use Notes.pdf, page 11>
Package pdftex.def Info: Notes.pdf , page11 used on input line 12.
(pdftex.def)             Requested size: 597.53416pt x 845.08372pt.
File: Notes.pdf Graphic file (type pdf)
<use Notes.pdf, page 11>
Package pdftex.def Info: Notes.pdf , page11 used on input line 12.
(pdftex.def)             Requested size: 597.53416pt x 845.08372pt.
 [5 <./Notes.pdf>]
<Notes.pdf, id=83, page=12, 597.50829pt x 845.0471pt>
File: Notes.pdf Graphic file (type pdf)
<use Notes.pdf, page 12>
Package pdftex.def Info: Notes.pdf , page12 used on input line 12.
(pdftex.def)             Requested size: 597.53416pt x 845.08372pt.
File: Notes.pdf Graphic file (type pdf)
<use Notes.pdf, page 12>
Package pdftex.def Info: Notes.pdf , page12 used on input line 12.
(pdftex.def)             Requested size: 597.53416pt x 845.08372pt.
File: Notes.pdf Graphic file (type pdf)
<use Notes.pdf, page 12>
Package pdftex.def Info: Notes.pdf , page12 used on input line 12.
(pdftex.def)             Requested size: 597.53416pt x 845.08372pt.
 [6 <./Notes.pdf>]
File: Notes.pdf Graphic file (type pdf)
<use Notes.pdf>
Package pdftex.def Info: Notes.pdf  used on input line 13.
(pdftex.def)             Requested size: 597.50682pt x 845.04504pt.
File: Notes.pdf Graphic file (type pdf)
<use Notes.pdf>
Package pdftex.def Info: Notes.pdf  used on input line 13.
(pdftex.def)             Requested size: 597.50682pt x 845.04504pt.
File: Notes.pdf Graphic file (type pdf)
<use Notes.pdf>
Package pdftex.def Info: Notes.pdf  used on input line 13.
(pdftex.def)             Requested size: 597.50682pt x 845.04504pt.
<Notes.pdf, id=90, page=13, 597.50829pt x 845.0471pt>
File: Notes.pdf Graphic file (type pdf)
<use Notes.pdf, page 13>
Package pdftex.def Info: Notes.pdf , page13 used on input line 13.
(pdftex.def)             Requested size: 597.50682pt x 845.04504pt.
File: Notes.pdf Graphic file (type pdf)
<use Notes.pdf, page 13>
Package pdftex.def Info: Notes.pdf , page13 used on input line 13.
(pdftex.def)             Requested size: 597.53416pt x 845.08372pt.
File: Notes.pdf Graphic file (type pdf)
<use Notes.pdf, page 13>
Package pdftex.def Info: Notes.pdf , page13 used on input line 13.
(pdftex.def)             Requested size: 597.53416pt x 845.08372pt.
File: Notes.pdf Graphic file (type pdf)
<use Notes.pdf, page 13>
Package pdftex.def Info: Notes.pdf , page13 used on input line 13.
(pdftex.def)             Requested size: 597.53416pt x 845.08372pt.
File: Notes.pdf Graphic file (type pdf)
<use Notes.pdf, page 13>
Package pdftex.def Info: Notes.pdf , page13 used on input line 13.
(pdftex.def)             Requested size: 597.53416pt x 845.08372pt.
 [7 <./Notes.pdf>]
<Notes.pdf, id=95, page=14, 597.50829pt x 845.0471pt>
File: Notes.pdf Graphic file (type pdf)
<use Notes.pdf, page 14>
Package pdftex.def Info: Notes.pdf , page14 used on input line 13.
(pdftex.def)             Requested size: 597.53416pt x 845.08372pt.
File: Notes.pdf Graphic file (type pdf)
<use Notes.pdf, page 14>
Package pdftex.def Info: Notes.pdf , page14 used on input line 13.
(pdftex.def)             Requested size: 597.53416pt x 845.08372pt.
File: Notes.pdf Graphic file (type pdf)
<use Notes.pdf, page 14>
Package pdftex.def Info: Notes.pdf , page14 used on input line 13.
(pdftex.def)             Requested size: 597.53416pt x 845.08372pt.
 [8 <./Notes.pdf>]
File: Notes.pdf Graphic file (type pdf)
<use Notes.pdf>
Package pdftex.def Info: Notes.pdf  used on input line 14.
(pdftex.def)             Requested size: 597.50682pt x 845.04504pt.
File: Notes.pdf Graphic file (type pdf)
<use Notes.pdf>
Package pdftex.def Info: Notes.pdf  used on input line 14.
(pdftex.def)             Requested size: 597.50682pt x 845.04504pt.
File: Notes.pdf Graphic file (type pdf)
<use Notes.pdf>
Package pdftex.def Info: Notes.pdf  used on input line 14.
(pdftex.def)             Requested size: 597.50682pt x 845.04504pt.
<Notes.pdf, id=102, page=15, 597.50829pt x 845.0471pt>
File: Notes.pdf Graphic file (type pdf)
<use Notes.pdf, page 15>
Package pdftex.def Info: Notes.pdf , page15 used on input line 14.
(pdftex.def)             Requested size: 597.50682pt x 845.04504pt.
File: Notes.pdf Graphic file (type pdf)
<use Notes.pdf, page 15>
Package pdftex.def Info: Notes.pdf , page15 used on input line 14.
(pdftex.def)             Requested size: 597.53416pt x 845.08372pt.
File: Notes.pdf Graphic file (type pdf)
<use Notes.pdf, page 15>
Package pdftex.def Info: Notes.pdf , page15 used on input line 14.
(pdftex.def)             Requested size: 597.53416pt x 845.08372pt.
File: Notes.pdf Graphic file (type pdf)
<use Notes.pdf, page 15>
Package pdftex.def Info: Notes.pdf , page15 used on input line 14.
(pdftex.def)             Requested size: 597.53416pt x 845.08372pt.
File: Notes.pdf Graphic file (type pdf)
<use Notes.pdf, page 15>
Package pdftex.def Info: Notes.pdf , page15 used on input line 14.
(pdftex.def)             Requested size: 597.53416pt x 845.08372pt.
 [9 <./Notes.pdf>]
<Notes.pdf, id=106, page=16, 597.50829pt x 845.0471pt>
File: Notes.pdf Graphic file (type pdf)
<use Notes.pdf, page 16>
Package pdftex.def Info: Notes.pdf , page16 used on input line 14.
(pdftex.def)             Requested size: 597.53416pt x 845.08372pt.
File: Notes.pdf Graphic file (type pdf)
<use Notes.pdf, page 16>
Package pdftex.def Info: Notes.pdf , page16 used on input line 14.
(pdftex.def)             Requested size: 597.53416pt x 845.08372pt.
File: Notes.pdf Graphic file (type pdf)
<use Notes.pdf, page 16>
Package pdftex.def Info: Notes.pdf , page16 used on input line 14.
(pdftex.def)             Requested size: 597.53416pt x 845.08372pt.

[10 <./Notes.pdf>]
File: Notes.pdf Graphic file (type pdf)
<use Notes.pdf>
Package pdftex.def Info: Notes.pdf  used on input line 15.
(pdftex.def)             Requested size: 597.50682pt x 845.04504pt.
File: Notes.pdf Graphic file (type pdf)
<use Notes.pdf>
Package pdftex.def Info: Notes.pdf  used on input line 15.
(pdftex.def)             Requested size: 597.50682pt x 845.04504pt.
File: Notes.pdf Graphic file (type pdf)
<use Notes.pdf>
Package pdftex.def Info: Notes.pdf  used on input line 15.
(pdftex.def)             Requested size: 597.50682pt x 845.04504pt.
<Notes.pdf, id=113, page=17, 597.50829pt x 845.0471pt>
File: Notes.pdf Graphic file (type pdf)
<use Notes.pdf, page 17>
Package pdftex.def Info: Notes.pdf , page17 used on input line 15.
(pdftex.def)             Requested size: 597.50682pt x 845.04504pt.
File: Notes.pdf Graphic file (type pdf)
<use Notes.pdf, page 17>
Package pdftex.def Info: Notes.pdf , page17 used on input line 15.
(pdftex.def)             Requested size: 597.53416pt x 845.08372pt.
File: Notes.pdf Graphic file (type pdf)
<use Notes.pdf, page 17>
Package pdftex.def Info: Notes.pdf , page17 used on input line 15.
(pdftex.def)             Requested size: 597.53416pt x 845.08372pt.
File: Notes.pdf Graphic file (type pdf)
<use Notes.pdf, page 17>
Package pdftex.def Info: Notes.pdf , page17 used on input line 15.
(pdftex.def)             Requested size: 597.53416pt x 845.08372pt.
File: Notes.pdf Graphic file (type pdf)
<use Notes.pdf, page 17>
Package pdftex.def Info: Notes.pdf , page17 used on input line 15.
(pdftex.def)             Requested size: 597.53416pt x 845.08372pt.
 [11 <./Notes.pdf>]
<Notes.pdf, id=117, page=18, 597.50829pt x 845.0471pt>
File: Notes.pdf Graphic file (type pdf)
<use Notes.pdf, page 18>
Package pdftex.def Info: Notes.pdf , page18 used on input line 15.
(pdftex.def)             Requested size: 597.53416pt x 845.08372pt.
File: Notes.pdf Graphic file (type pdf)
<use Notes.pdf, page 18>
Package pdftex.def Info: Notes.pdf , page18 used on input line 15.
(pdftex.def)             Requested size: 597.53416pt x 845.08372pt.
File: Notes.pdf Graphic file (type pdf)
<use Notes.pdf, page 18>
Package pdftex.def Info: Notes.pdf , page18 used on input line 15.
(pdftex.def)             Requested size: 597.53416pt x 845.08372pt.
 [12 <./Notes.pdf>]
File: Notes.pdf Graphic file (type pdf)
<use Notes.pdf>
Package pdftex.def Info: Notes.pdf  used on input line 16.
(pdftex.def)             Requested size: 597.50682pt x 845.04504pt.
File: Notes.pdf Graphic file (type pdf)
<use Notes.pdf>
Package pdftex.def Info: Notes.pdf  used on input line 16.
(pdftex.def)             Requested size: 597.50682pt x 845.04504pt.
File: Notes.pdf Graphic file (type pdf)
<use Notes.pdf>
Package pdftex.def Info: Notes.pdf  used on input line 16.
(pdftex.def)             Requested size: 597.50682pt x 845.04504pt.
<Notes.pdf, id=124, page=19, 597.50829pt x 845.0471pt>
File: Notes.pdf Graphic file (type pdf)
<use Notes.pdf, page 19>
Package pdftex.def Info: Notes.pdf , page19 used on input line 16.
(pdftex.def)             Requested size: 597.50682pt x 845.04504pt.
File: Notes.pdf Graphic file (type pdf)
<use Notes.pdf, page 19>
Package pdftex.def Info: Notes.pdf , page19 used on input line 16.
(pdftex.def)             Requested size: 597.53416pt x 845.08372pt.
File: Notes.pdf Graphic file (type pdf)
<use Notes.pdf, page 19>
Package pdftex.def Info: Notes.pdf , page19 used on input line 16.
(pdftex.def)             Requested size: 597.53416pt x 845.08372pt.
File: Notes.pdf Graphic file (type pdf)
<use Notes.pdf, page 19>
Package pdftex.def Info: Notes.pdf , page19 used on input line 16.
(pdftex.def)             Requested size: 597.53416pt x 845.08372pt.
File: Notes.pdf Graphic file (type pdf)
<use Notes.pdf, page 19>
Package pdftex.def Info: Notes.pdf , page19 used on input line 16.
(pdftex.def)             Requested size: 597.53416pt x 845.08372pt.
 [13 <./Notes.pdf>]
<Notes.pdf, id=129, page=20, 597.50829pt x 845.0471pt>
File: Notes.pdf Graphic file (type pdf)
<use Notes.pdf, page 20>
Package pdftex.def Info: Notes.pdf , page20 used on input line 16.
(pdftex.def)             Requested size: 597.53416pt x 845.08372pt.
File: Notes.pdf Graphic file (type pdf)
<use Notes.pdf, page 20>
Package pdftex.def Info: Notes.pdf , page20 used on input line 16.
(pdftex.def)             Requested size: 597.53416pt x 845.08372pt.
File: Notes.pdf Graphic file (type pdf)
<use Notes.pdf, page 20>
Package pdftex.def Info: Notes.pdf , page20 used on input line 16.
(pdftex.def)             Requested size: 597.53416pt x 845.08372pt.

[14 <./Notes.pdf>]
File: Notes.pdf Graphic file (type pdf)
<use Notes.pdf>
Package pdftex.def Info: Notes.pdf  used on input line 17.
(pdftex.def)             Requested size: 597.50682pt x 845.04504pt.
File: Notes.pdf Graphic file (type pdf)
<use Notes.pdf>
Package pdftex.def Info: Notes.pdf  used on input line 17.
(pdftex.def)             Requested size: 597.50682pt x 845.04504pt.
File: Notes.pdf Graphic file (type pdf)
<use Notes.pdf>
Package pdftex.def Info: Notes.pdf  used on input line 17.
(pdftex.def)             Requested size: 597.50682pt x 845.04504pt.
<Notes.pdf, id=136, page=21, 597.50829pt x 845.0471pt>
File: Notes.pdf Graphic file (type pdf)
<use Notes.pdf, page 21>
Package pdftex.def Info: Notes.pdf , page21 used on input line 17.
(pdftex.def)             Requested size: 597.50682pt x 845.04504pt.
File: Notes.pdf Graphic file (type pdf)
<use Notes.pdf, page 21>
Package pdftex.def Info: Notes.pdf , page21 used on input line 17.
(pdftex.def)             Requested size: 597.53416pt x 845.08372pt.
File: Notes.pdf Graphic file (type pdf)
<use Notes.pdf, page 21>
Package pdftex.def Info: Notes.pdf , page21 used on input line 17.
(pdftex.def)             Requested size: 597.53416pt x 845.08372pt.
File: Notes.pdf Graphic file (type pdf)
<use Notes.pdf, page 21>
Package pdftex.def Info: Notes.pdf , page21 used on input line 17.
(pdftex.def)             Requested size: 597.53416pt x 845.08372pt.
File: Notes.pdf Graphic file (type pdf)
<use Notes.pdf, page 21>
Package pdftex.def Info: Notes.pdf , page21 used on input line 17.
(pdftex.def)             Requested size: 597.53416pt x 845.08372pt.
 [15 <./Notes.pdf>]
<Notes.pdf, id=140, page=22, 597.50829pt x 845.0471pt>
File: Notes.pdf Graphic file (type pdf)
<use Notes.pdf, page 22>
Package pdftex.def Info: Notes.pdf , page22 used on input line 17.
(pdftex.def)             Requested size: 597.53416pt x 845.08372pt.
File: Notes.pdf Graphic file (type pdf)
<use Notes.pdf, page 22>
Package pdftex.def Info: Notes.pdf , page22 used on input line 17.
(pdftex.def)             Requested size: 597.53416pt x 845.08372pt.
File: Notes.pdf Graphic file (type pdf)
<use Notes.pdf, page 22>
Package pdftex.def Info: Notes.pdf , page22 used on input line 17.
(pdftex.def)             Requested size: 597.53416pt x 845.08372pt.
 [16 <./Notes.pdf>]
File: Notes.pdf Graphic file (type pdf)
<use Notes.pdf>
Package pdftex.def Info: Notes.pdf  used on input line 18.
(pdftex.def)             Requested size: 597.50682pt x 845.04504pt.
File: Notes.pdf Graphic file (type pdf)
<use Notes.pdf>
Package pdftex.def Info: Notes.pdf  used on input line 18.
(pdftex.def)             Requested size: 597.50682pt x 845.04504pt.
File: Notes.pdf Graphic file (type pdf)
<use Notes.pdf>
Package pdftex.def Info: Notes.pdf  used on input line 18.
(pdftex.def)             Requested size: 597.50682pt x 845.04504pt.
<Notes.pdf, id=147, page=23, 597.50829pt x 845.0471pt>
File: Notes.pdf Graphic file (type pdf)
<use Notes.pdf, page 23>
Package pdftex.def Info: Notes.pdf , page23 used on input line 18.
(pdftex.def)             Requested size: 597.50682pt x 845.04504pt.
File: Notes.pdf Graphic file (type pdf)
<use Notes.pdf, page 23>
Package pdftex.def Info: Notes.pdf , page23 used on input line 18.
(pdftex.def)             Requested size: 597.53416pt x 845.08372pt.
File: Notes.pdf Graphic file (type pdf)
<use Notes.pdf, page 23>
Package pdftex.def Info: Notes.pdf , page23 used on input line 18.
(pdftex.def)             Requested size: 597.53416pt x 845.08372pt.
File: Notes.pdf Graphic file (type pdf)
<use Notes.pdf, page 23>
Package pdftex.def Info: Notes.pdf , page23 used on input line 18.
(pdftex.def)             Requested size: 597.53416pt x 845.08372pt.
File: Notes.pdf Graphic file (type pdf)
<use Notes.pdf, page 23>
Package pdftex.def Info: Notes.pdf , page23 used on input line 18.
(pdftex.def)             Requested size: 597.53416pt x 845.08372pt.
 [17 <./Notes.pdf>]
<Notes.pdf, id=151, page=24, 597.50829pt x 845.0471pt>
File: Notes.pdf Graphic file (type pdf)
<use Notes.pdf, page 24>
Package pdftex.def Info: Notes.pdf , page24 used on input line 18.
(pdftex.def)             Requested size: 597.53416pt x 845.08372pt.
File: Notes.pdf Graphic file (type pdf)
<use Notes.pdf, page 24>
Package pdftex.def Info: Notes.pdf , page24 used on input line 18.
(pdftex.def)             Requested size: 597.53416pt x 845.08372pt.
File: Notes.pdf Graphic file (type pdf)
<use Notes.pdf, page 24>
Package pdftex.def Info: Notes.pdf , page24 used on input line 18.
(pdftex.def)             Requested size: 597.53416pt x 845.08372pt.

[18 <./Notes.pdf>]
File: Notes.pdf Graphic file (type pdf)
<use Notes.pdf>
Package pdftex.def Info: Notes.pdf  used on input line 19.
(pdftex.def)             Requested size: 597.50682pt x 845.04504pt.
File: Notes.pdf Graphic file (type pdf)
<use Notes.pdf>
Package pdftex.def Info: Notes.pdf  used on input line 19.
(pdftex.def)             Requested size: 597.50682pt x 845.04504pt.
File: Notes.pdf Graphic file (type pdf)
<use Notes.pdf>
Package pdftex.def Info: Notes.pdf  used on input line 19.
(pdftex.def)             Requested size: 597.50682pt x 845.04504pt.
<Notes.pdf, id=158, page=27, 597.50829pt x 845.0471pt>
File: Notes.pdf Graphic file (type pdf)
<use Notes.pdf, page 27>
Package pdftex.def Info: Notes.pdf , page27 used on input line 19.
(pdftex.def)             Requested size: 597.50682pt x 845.04504pt.
File: Notes.pdf Graphic file (type pdf)
<use Notes.pdf, page 27>
Package pdftex.def Info: Notes.pdf , page27 used on input line 19.
(pdftex.def)             Requested size: 597.53416pt x 845.08372pt.
File: Notes.pdf Graphic file (type pdf)
<use Notes.pdf, page 27>
Package pdftex.def Info: Notes.pdf , page27 used on input line 19.
(pdftex.def)             Requested size: 597.53416pt x 845.08372pt.
File: Notes.pdf Graphic file (type pdf)
<use Notes.pdf, page 27>
Package pdftex.def Info: Notes.pdf , page27 used on input line 19.
(pdftex.def)             Requested size: 597.53416pt x 845.08372pt.
File: Notes.pdf Graphic file (type pdf)
<use Notes.pdf, page 27>
Package pdftex.def Info: Notes.pdf , page27 used on input line 19.
(pdftex.def)             Requested size: 597.53416pt x 845.08372pt.
 [19 <./Notes.pdf>]
<Notes.pdf, id=163, page=28, 597.50829pt x 845.0471pt>
File: Notes.pdf Graphic file (type pdf)
<use Notes.pdf, page 28>
Package pdftex.def Info: Notes.pdf , page28 used on input line 19.
(pdftex.def)             Requested size: 597.53416pt x 845.08372pt.
File: Notes.pdf Graphic file (type pdf)
<use Notes.pdf, page 28>
Package pdftex.def Info: Notes.pdf , page28 used on input line 19.
(pdftex.def)             Requested size: 597.53416pt x 845.08372pt.
File: Notes.pdf Graphic file (type pdf)
<use Notes.pdf, page 28>
Package pdftex.def Info: Notes.pdf , page28 used on input line 19.
(pdftex.def)             Requested size: 597.53416pt x 845.08372pt.
 [20 <./Notes.pdf>]
File: Notes.pdf Graphic file (type pdf)
<use Notes.pdf>
Package pdftex.def Info: Notes.pdf  used on input line 20.
(pdftex.def)             Requested size: 597.50682pt x 845.04504pt.
File: Notes.pdf Graphic file (type pdf)
<use Notes.pdf>
Package pdftex.def Info: Notes.pdf  used on input line 20.
(pdftex.def)             Requested size: 597.50682pt x 845.04504pt.
File: Notes.pdf Graphic file (type pdf)
<use Notes.pdf>
Package pdftex.def Info: Notes.pdf  used on input line 20.
(pdftex.def)             Requested size: 597.50682pt x 845.04504pt.
<Notes.pdf, id=170, page=31, 597.50829pt x 845.0471pt>
File: Notes.pdf Graphic file (type pdf)
<use Notes.pdf, page 31>
Package pdftex.def Info: Notes.pdf , page31 used on input line 20.
(pdftex.def)             Requested size: 597.50682pt x 845.04504pt.
File: Notes.pdf Graphic file (type pdf)
<use Notes.pdf, page 31>
Package pdftex.def Info: Notes.pdf , page31 used on input line 20.
(pdftex.def)             Requested size: 597.53416pt x 845.08372pt.
File: Notes.pdf Graphic file (type pdf)
<use Notes.pdf, page 31>
Package pdftex.def Info: Notes.pdf , page31 used on input line 20.
(pdftex.def)             Requested size: 597.53416pt x 845.08372pt.
File: Notes.pdf Graphic file (type pdf)
<use Notes.pdf, page 31>
Package pdftex.def Info: Notes.pdf , page31 used on input line 20.
(pdftex.def)             Requested size: 597.53416pt x 845.08372pt.
File: Notes.pdf Graphic file (type pdf)
<use Notes.pdf, page 31>
Package pdftex.def Info: Notes.pdf , page31 used on input line 20.
(pdftex.def)             Requested size: 597.53416pt x 845.08372pt.
 [21 <./Notes.pdf>]
<Notes.pdf, id=184, page=32, 597.50829pt x 845.0471pt>
File: Notes.pdf Graphic file (type pdf)
<use Notes.pdf, page 32>
Package pdftex.def Info: Notes.pdf , page32 used on input line 20.
(pdftex.def)             Requested size: 597.53416pt x 845.08372pt.
File: Notes.pdf Graphic file (type pdf)
<use Notes.pdf, page 32>
Package pdftex.def Info: Notes.pdf , page32 used on input line 20.
(pdftex.def)             Requested size: 597.53416pt x 845.08372pt.
File: Notes.pdf Graphic file (type pdf)
<use Notes.pdf, page 32>
Package pdftex.def Info: Notes.pdf , page32 used on input line 20.
(pdftex.def)             Requested size: 597.53416pt x 845.08372pt.

[22 <./Notes.pdf>]
File: Notes.pdf Graphic file (type pdf)
<use Notes.pdf>
Package pdftex.def Info: Notes.pdf  used on input line 21.
(pdftex.def)             Requested size: 597.50682pt x 845.04504pt.
File: Notes.pdf Graphic file (type pdf)
<use Notes.pdf>
Package pdftex.def Info: Notes.pdf  used on input line 21.
(pdftex.def)             Requested size: 597.50682pt x 845.04504pt.
File: Notes.pdf Graphic file (type pdf)
<use Notes.pdf>
Package pdftex.def Info: Notes.pdf  used on input line 21.
(pdftex.def)             Requested size: 597.50682pt x 845.04504pt.
<Notes.pdf, id=210, page=41, 597.50829pt x 845.0471pt>
File: Notes.pdf Graphic file (type pdf)
<use Notes.pdf, page 41>
Package pdftex.def Info: Notes.pdf , page41 used on input line 21.
(pdftex.def)             Requested size: 597.50682pt x 845.04504pt.
File: Notes.pdf Graphic file (type pdf)
<use Notes.pdf, page 41>
Package pdftex.def Info: Notes.pdf , page41 used on input line 21.
(pdftex.def)             Requested size: 597.53416pt x 845.08372pt.
File: Notes.pdf Graphic file (type pdf)
<use Notes.pdf, page 41>
Package pdftex.def Info: Notes.pdf , page41 used on input line 21.
(pdftex.def)             Requested size: 597.53416pt x 845.08372pt.
File: Notes.pdf Graphic file (type pdf)
<use Notes.pdf, page 41>
Package pdftex.def Info: Notes.pdf , page41 used on input line 21.
(pdftex.def)             Requested size: 597.53416pt x 845.08372pt.
File: Notes.pdf Graphic file (type pdf)
<use Notes.pdf, page 41>
Package pdftex.def Info: Notes.pdf , page41 used on input line 21.
(pdftex.def)             Requested size: 597.53416pt x 845.08372pt.
 [23 <./Notes.pdf>]
<Notes.pdf, id=224, page=42, 597.50829pt x 845.0471pt>
File: Notes.pdf Graphic file (type pdf)
<use Notes.pdf, page 42>
Package pdftex.def Info: Notes.pdf , page42 used on input line 21.
(pdftex.def)             Requested size: 597.53416pt x 845.08372pt.
File: Notes.pdf Graphic file (type pdf)
<use Notes.pdf, page 42>
Package pdftex.def Info: Notes.pdf , page42 used on input line 21.
(pdftex.def)             Requested size: 597.53416pt x 845.08372pt.
File: Notes.pdf Graphic file (type pdf)
<use Notes.pdf, page 42>
Package pdftex.def Info: Notes.pdf , page42 used on input line 21.
(pdftex.def)             Requested size: 597.53416pt x 845.08372pt.
 [24 <./Notes.pdf>]
File: Notes.pdf Graphic file (type pdf)
<use Notes.pdf>
Package pdftex.def Info: Notes.pdf  used on input line 22.
(pdftex.def)             Requested size: 597.50682pt x 845.04504pt.
File: Notes.pdf Graphic file (type pdf)
<use Notes.pdf>
Package pdftex.def Info: Notes.pdf  used on input line 22.
(pdftex.def)             Requested size: 597.50682pt x 845.04504pt.
File: Notes.pdf Graphic file (type pdf)
<use Notes.pdf>
Package pdftex.def Info: Notes.pdf  used on input line 22.
(pdftex.def)             Requested size: 597.50682pt x 845.04504pt.
<Notes.pdf, id=264, page=45, 597.50829pt x 845.0471pt>
File: Notes.pdf Graphic file (type pdf)
<use Notes.pdf, page 45>
Package pdftex.def Info: Notes.pdf , page45 used on input line 22.
(pdftex.def)             Requested size: 597.50682pt x 845.04504pt.
File: Notes.pdf Graphic file (type pdf)
<use Notes.pdf, page 45>
Package pdftex.def Info: Notes.pdf , page45 used on input line 22.
(pdftex.def)             Requested size: 597.53416pt x 845.08372pt.
File: Notes.pdf Graphic file (type pdf)
<use Notes.pdf, page 45>
Package pdftex.def Info: Notes.pdf , page45 used on input line 22.
(pdftex.def)             Requested size: 597.53416pt x 845.08372pt.
File: Notes.pdf Graphic file (type pdf)
<use Notes.pdf, page 45>
Package pdftex.def Info: Notes.pdf , page45 used on input line 22.
(pdftex.def)             Requested size: 597.53416pt x 845.08372pt.
File: Notes.pdf Graphic file (type pdf)
<use Notes.pdf, page 45>
Package pdftex.def Info: Notes.pdf , page45 used on input line 22.
(pdftex.def)             Requested size: 597.53416pt x 845.08372pt.
 [25 <./Notes.pdf>]
<Notes.pdf, id=291, page=46, 597.50829pt x 845.0471pt>
File: Notes.pdf Graphic file (type pdf)
<use Notes.pdf, page 46>
Package pdftex.def Info: Notes.pdf , page46 used on input line 22.
(pdftex.def)             Requested size: 597.53416pt x 845.08372pt.
File: Notes.pdf Graphic file (type pdf)
<use Notes.pdf, page 46>
Package pdftex.def Info: Notes.pdf , page46 used on input line 22.
(pdftex.def)             Requested size: 597.53416pt x 845.08372pt.
File: Notes.pdf Graphic file (type pdf)
<use Notes.pdf, page 46>
Package pdftex.def Info: Notes.pdf , page46 used on input line 22.
(pdftex.def)             Requested size: 597.53416pt x 845.08372pt.

[26 <./Notes.pdf>]
File: Notes.pdf Graphic file (type pdf)
<use Notes.pdf>
Package pdftex.def Info: Notes.pdf  used on input line 23.
(pdftex.def)             Requested size: 597.50682pt x 845.04504pt.
File: Notes.pdf Graphic file (type pdf)
<use Notes.pdf>
Package pdftex.def Info: Notes.pdf  used on input line 23.
(pdftex.def)             Requested size: 597.50682pt x 845.04504pt.
File: Notes.pdf Graphic file (type pdf)
<use Notes.pdf>
Package pdftex.def Info: Notes.pdf  used on input line 23.
(pdftex.def)             Requested size: 597.50682pt x 845.04504pt.
<Notes.pdf, id=308, page=49, 597.50829pt x 845.0471pt>
File: Notes.pdf Graphic file (type pdf)
<use Notes.pdf, page 49>
Package pdftex.def Info: Notes.pdf , page49 used on input line 23.
(pdftex.def)             Requested size: 597.50682pt x 845.04504pt.
File: Notes.pdf Graphic file (type pdf)
<use Notes.pdf, page 49>
Package pdftex.def Info: Notes.pdf , page49 used on input line 23.
(pdftex.def)             Requested size: 597.53416pt x 845.08372pt.
File: Notes.pdf Graphic file (type pdf)
<use Notes.pdf, page 49>
Package pdftex.def Info: Notes.pdf , page49 used on input line 23.
(pdftex.def)             Requested size: 597.53416pt x 845.08372pt.
File: Notes.pdf Graphic file (type pdf)
<use Notes.pdf, page 49>
Package pdftex.def Info: Notes.pdf , page49 used on input line 23.
(pdftex.def)             Requested size: 597.53416pt x 845.08372pt.
File: Notes.pdf Graphic file (type pdf)
<use Notes.pdf, page 49>
Package pdftex.def Info: Notes.pdf , page49 used on input line 23.
(pdftex.def)             Requested size: 597.53416pt x 845.08372pt.
 [27 <./Notes.pdf>]
<Notes.pdf, id=334, page=50, 597.50829pt x 845.0471pt>
File: Notes.pdf Graphic file (type pdf)
<use Notes.pdf, page 50>
Package pdftex.def Info: Notes.pdf , page50 used on input line 23.
(pdftex.def)             Requested size: 597.53416pt x 845.08372pt.
File: Notes.pdf Graphic file (type pdf)
<use Notes.pdf, page 50>
Package pdftex.def Info: Notes.pdf , page50 used on input line 23.
(pdftex.def)             Requested size: 597.53416pt x 845.08372pt.
File: Notes.pdf Graphic file (type pdf)
<use Notes.pdf, page 50>
Package pdftex.def Info: Notes.pdf , page50 used on input line 23.
(pdftex.def)             Requested size: 597.53416pt x 845.08372pt.
 [28 <./Notes.pdf>]
File: Notes.pdf Graphic file (type pdf)
<use Notes.pdf>
Package pdftex.def Info: Notes.pdf  used on input line 24.
(pdftex.def)             Requested size: 597.50682pt x 845.04504pt.
File: Notes.pdf Graphic file (type pdf)
<use Notes.pdf>
Package pdftex.def Info: Notes.pdf  used on input line 24.
(pdftex.def)             Requested size: 597.50682pt x 845.04504pt.
File: Notes.pdf Graphic file (type pdf)
<use Notes.pdf>
Package pdftex.def Info: Notes.pdf  used on input line 24.
(pdftex.def)             Requested size: 597.50682pt x 845.04504pt.
<Notes.pdf, id=363, page=51, 597.50829pt x 845.0471pt>
File: Notes.pdf Graphic file (type pdf)
<use Notes.pdf, page 51>
Package pdftex.def Info: Notes.pdf , page51 used on input line 24.
(pdftex.def)             Requested size: 597.50682pt x 845.04504pt.
File: Notes.pdf Graphic file (type pdf)
<use Notes.pdf, page 51>
Package pdftex.def Info: Notes.pdf , page51 used on input line 24.
(pdftex.def)             Requested size: 597.53416pt x 845.08372pt.
File: Notes.pdf Graphic file (type pdf)
<use Notes.pdf, page 51>
Package pdftex.def Info: Notes.pdf , page51 used on input line 24.
(pdftex.def)             Requested size: 597.53416pt x 845.08372pt.
File: Notes.pdf Graphic file (type pdf)
<use Notes.pdf, page 51>
Package pdftex.def Info: Notes.pdf , page51 used on input line 24.
(pdftex.def)             Requested size: 597.53416pt x 845.08372pt.
File: Notes.pdf Graphic file (type pdf)
<use Notes.pdf, page 51>
Package pdftex.def Info: Notes.pdf , page51 used on input line 24.
(pdftex.def)             Requested size: 597.53416pt x 845.08372pt.
 [29 <./Notes.pdf>]
<Notes.pdf, id=383, page=52, 597.50829pt x 845.0471pt>
File: Notes.pdf Graphic file (type pdf)
<use Notes.pdf, page 52>
Package pdftex.def Info: Notes.pdf , page52 used on input line 24.
(pdftex.def)             Requested size: 597.53416pt x 845.08372pt.
File: Notes.pdf Graphic file (type pdf)
<use Notes.pdf, page 52>
Package pdftex.def Info: Notes.pdf , page52 used on input line 24.
(pdftex.def)             Requested size: 597.53416pt x 845.08372pt.
File: Notes.pdf Graphic file (type pdf)
<use Notes.pdf, page 52>
Package pdftex.def Info: Notes.pdf , page52 used on input line 24.
(pdftex.def)             Requested size: 597.53416pt x 845.08372pt.

[30 <./Notes.pdf>]
File: Notes.pdf Graphic file (type pdf)
<use Notes.pdf>
Package pdftex.def Info: Notes.pdf  used on input line 25.
(pdftex.def)             Requested size: 597.50682pt x 845.04504pt.
File: Notes.pdf Graphic file (type pdf)
<use Notes.pdf>
Package pdftex.def Info: Notes.pdf  used on input line 25.
(pdftex.def)             Requested size: 597.50682pt x 845.04504pt.
File: Notes.pdf Graphic file (type pdf)
<use Notes.pdf>
Package pdftex.def Info: Notes.pdf  used on input line 25.
(pdftex.def)             Requested size: 597.50682pt x 845.04504pt.
<Notes.pdf, id=417, page=53, 597.50829pt x 845.0471pt>
File: Notes.pdf Graphic file (type pdf)
<use Notes.pdf, page 53>
Package pdftex.def Info: Notes.pdf , page53 used on input line 25.
(pdftex.def)             Requested size: 597.50682pt x 845.04504pt.
File: Notes.pdf Graphic file (type pdf)
<use Notes.pdf, page 53>
Package pdftex.def Info: Notes.pdf , page53 used on input line 25.
(pdftex.def)             Requested size: 597.53416pt x 845.08372pt.
File: Notes.pdf Graphic file (type pdf)
<use Notes.pdf, page 53>
Package pdftex.def Info: Notes.pdf , page53 used on input line 25.
(pdftex.def)             Requested size: 597.53416pt x 845.08372pt.
File: Notes.pdf Graphic file (type pdf)
<use Notes.pdf, page 53>
Package pdftex.def Info: Notes.pdf , page53 used on input line 25.
(pdftex.def)             Requested size: 597.53416pt x 845.08372pt.
File: Notes.pdf Graphic file (type pdf)
<use Notes.pdf, page 53>
Package pdftex.def Info: Notes.pdf , page53 used on input line 25.
(pdftex.def)             Requested size: 597.53416pt x 845.08372pt.
 [31 <./Notes.pdf>]
<Notes.pdf, id=449, page=54, 597.50829pt x 845.0471pt>
File: Notes.pdf Graphic file (type pdf)
<use Notes.pdf, page 54>
Package pdftex.def Info: Notes.pdf , page54 used on input line 25.
(pdftex.def)             Requested size: 597.53416pt x 845.08372pt.
File: Notes.pdf Graphic file (type pdf)
<use Notes.pdf, page 54>
Package pdftex.def Info: Notes.pdf , page54 used on input line 25.
(pdftex.def)             Requested size: 597.53416pt x 845.08372pt.
File: Notes.pdf Graphic file (type pdf)
<use Notes.pdf, page 54>
Package pdftex.def Info: Notes.pdf , page54 used on input line 25.
(pdftex.def)             Requested size: 597.53416pt x 845.08372pt.
 [32 <./Notes.pdf>]
File: Notes.pdf Graphic file (type pdf)
<use Notes.pdf>
Package pdftex.def Info: Notes.pdf  used on input line 26.
(pdftex.def)             Requested size: 597.50682pt x 845.04504pt.
File: Notes.pdf Graphic file (type pdf)
<use Notes.pdf>
Package pdftex.def Info: Notes.pdf  used on input line 26.
(pdftex.def)             Requested size: 597.50682pt x 845.04504pt.
File: Notes.pdf Graphic file (type pdf)
<use Notes.pdf>
Package pdftex.def Info: Notes.pdf  used on input line 26.
(pdftex.def)             Requested size: 597.50682pt x 845.04504pt.
<Notes.pdf, id=510, page=55, 597.50829pt x 845.0471pt>
File: Notes.pdf Graphic file (type pdf)
<use Notes.pdf, page 55>
Package pdftex.def Info: Notes.pdf , page55 used on input line 26.
(pdftex.def)             Requested size: 597.50682pt x 845.04504pt.
File: Notes.pdf Graphic file (type pdf)
<use Notes.pdf, page 55>
Package pdftex.def Info: Notes.pdf , page55 used on input line 26.
(pdftex.def)             Requested size: 597.53416pt x 845.08372pt.
File: Notes.pdf Graphic file (type pdf)
<use Notes.pdf, page 55>
Package pdftex.def Info: Notes.pdf , page55 used on input line 26.
(pdftex.def)             Requested size: 597.53416pt x 845.08372pt.
File: Notes.pdf Graphic file (type pdf)
<use Notes.pdf, page 55>
Package pdftex.def Info: Notes.pdf , page55 used on input line 26.
(pdftex.def)             Requested size: 597.53416pt x 845.08372pt.
File: Notes.pdf Graphic file (type pdf)
<use Notes.pdf, page 55>
Package pdftex.def Info: Notes.pdf , page55 used on input line 26.
(pdftex.def)             Requested size: 597.53416pt x 845.08372pt.
 [33 <./Notes.pdf>]
<Notes.pdf, id=547, page=56, 597.50829pt x 845.0471pt>
File: Notes.pdf Graphic file (type pdf)
<use Notes.pdf, page 56>
Package pdftex.def Info: Notes.pdf , page56 used on input line 26.
(pdftex.def)             Requested size: 597.53416pt x 845.08372pt.
File: Notes.pdf Graphic file (type pdf)
<use Notes.pdf, page 56>
Package pdftex.def Info: Notes.pdf , page56 used on input line 26.
(pdftex.def)             Requested size: 597.53416pt x 845.08372pt.
File: Notes.pdf Graphic file (type pdf)
<use Notes.pdf, page 56>
Package pdftex.def Info: Notes.pdf , page56 used on input line 26.
(pdftex.def)             Requested size: 597.53416pt x 845.08372pt.

[34 <./Notes.pdf>]
File: Notes.pdf Graphic file (type pdf)
<use Notes.pdf>
Package pdftex.def Info: Notes.pdf  used on input line 27.
(pdftex.def)             Requested size: 597.50682pt x 845.04504pt.
File: Notes.pdf Graphic file (type pdf)
<use Notes.pdf>
Package pdftex.def Info: Notes.pdf  used on input line 27.
(pdftex.def)             Requested size: 597.50682pt x 845.04504pt.
File: Notes.pdf Graphic file (type pdf)
<use Notes.pdf>
Package pdftex.def Info: Notes.pdf  used on input line 27.
(pdftex.def)             Requested size: 597.50682pt x 845.04504pt.
<Notes.pdf, id=565, page=57, 597.50829pt x 845.0471pt>
File: Notes.pdf Graphic file (type pdf)
<use Notes.pdf, page 57>
Package pdftex.def Info: Notes.pdf , page57 used on input line 27.
(pdftex.def)             Requested size: 597.50682pt x 845.04504pt.
File: Notes.pdf Graphic file (type pdf)
<use Notes.pdf, page 57>
Package pdftex.def Info: Notes.pdf , page57 used on input line 27.
(pdftex.def)             Requested size: 597.53416pt x 845.08372pt.
File: Notes.pdf Graphic file (type pdf)
<use Notes.pdf, page 57>
Package pdftex.def Info: Notes.pdf , page57 used on input line 27.
(pdftex.def)             Requested size: 597.53416pt x 845.08372pt.
File: Notes.pdf Graphic file (type pdf)
<use Notes.pdf, page 57>
Package pdftex.def Info: Notes.pdf , page57 used on input line 27.
(pdftex.def)             Requested size: 597.53416pt x 845.08372pt.
File: Notes.pdf Graphic file (type pdf)
<use Notes.pdf, page 57>
Package pdftex.def Info: Notes.pdf , page57 used on input line 27.
(pdftex.def)             Requested size: 597.53416pt x 845.08372pt.
 [35 <./Notes.pdf>]
<Notes.pdf, id=591, page=58, 597.50829pt x 845.0471pt>
File: Notes.pdf Graphic file (type pdf)
<use Notes.pdf, page 58>
Package pdftex.def Info: Notes.pdf , page58 used on input line 27.
(pdftex.def)             Requested size: 597.53416pt x 845.08372pt.
File: Notes.pdf Graphic file (type pdf)
<use Notes.pdf, page 58>
Package pdftex.def Info: Notes.pdf , page58 used on input line 27.
(pdftex.def)             Requested size: 597.53416pt x 845.08372pt.
File: Notes.pdf Graphic file (type pdf)
<use Notes.pdf, page 58>
Package pdftex.def Info: Notes.pdf , page58 used on input line 27.
(pdftex.def)             Requested size: 597.53416pt x 845.08372pt.
 [36 <./Notes.pdf>]
File: Notes.pdf Graphic file (type pdf)
<use Notes.pdf>
Package pdftex.def Info: Notes.pdf  used on input line 28.
(pdftex.def)             Requested size: 597.50682pt x 845.04504pt.
File: Notes.pdf Graphic file (type pdf)
<use Notes.pdf>
Package pdftex.def Info: Notes.pdf  used on input line 28.
(pdftex.def)             Requested size: 597.50682pt x 845.04504pt.
File: Notes.pdf Graphic file (type pdf)
<use Notes.pdf>
Package pdftex.def Info: Notes.pdf  used on input line 28.
(pdftex.def)             Requested size: 597.50682pt x 845.04504pt.
<Notes.pdf, id=609, page=59, 597.50829pt x 845.0471pt>
File: Notes.pdf Graphic file (type pdf)
<use Notes.pdf, page 59>
Package pdftex.def Info: Notes.pdf , page59 used on input line 28.
(pdftex.def)             Requested size: 597.50682pt x 845.04504pt.
File: Notes.pdf Graphic file (type pdf)
<use Notes.pdf, page 59>
Package pdftex.def Info: Notes.pdf , page59 used on input line 28.
(pdftex.def)             Requested size: 597.53416pt x 845.08372pt.
File: Notes.pdf Graphic file (type pdf)
<use Notes.pdf, page 59>
Package pdftex.def Info: Notes.pdf , page59 used on input line 28.
(pdftex.def)             Requested size: 597.53416pt x 845.08372pt.
File: Notes.pdf Graphic file (type pdf)
<use Notes.pdf, page 59>
Package pdftex.def Info: Notes.pdf , page59 used on input line 28.
(pdftex.def)             Requested size: 597.53416pt x 845.08372pt.
File: Notes.pdf Graphic file (type pdf)
<use Notes.pdf, page 59>
Package pdftex.def Info: Notes.pdf , page59 used on input line 28.
(pdftex.def)             Requested size: 597.53416pt x 845.08372pt.
 [37 <./Notes.pdf>]
<Notes.pdf, id=683, page=60, 597.50829pt x 845.0471pt>
File: Notes.pdf Graphic file (type pdf)
<use Notes.pdf, page 60>
Package pdftex.def Info: Notes.pdf , page60 used on input line 28.
(pdftex.def)             Requested size: 597.53416pt x 845.08372pt.
File: Notes.pdf Graphic file (type pdf)
<use Notes.pdf, page 60>
Package pdftex.def Info: Notes.pdf , page60 used on input line 28.
(pdftex.def)             Requested size: 597.53416pt x 845.08372pt.
File: Notes.pdf Graphic file (type pdf)
<use Notes.pdf, page 60>
Package pdftex.def Info: Notes.pdf , page60 used on input line 28.
(pdftex.def)             Requested size: 597.53416pt x 845.08372pt.

[38 <./Notes.pdf>]
File: Notes.pdf Graphic file (type pdf)
<use Notes.pdf>
Package pdftex.def Info: Notes.pdf  used on input line 29.
(pdftex.def)             Requested size: 597.50682pt x 845.04504pt.
File: Notes.pdf Graphic file (type pdf)
<use Notes.pdf>
Package pdftex.def Info: Notes.pdf  used on input line 29.
(pdftex.def)             Requested size: 597.50682pt x 845.04504pt.
File: Notes.pdf Graphic file (type pdf)
<use Notes.pdf>
Package pdftex.def Info: Notes.pdf  used on input line 29.
(pdftex.def)             Requested size: 597.50682pt x 845.04504pt.
<Notes.pdf, id=778, page=61, 597.50829pt x 845.0471pt>
File: Notes.pdf Graphic file (type pdf)
<use Notes.pdf, page 61>
Package pdftex.def Info: Notes.pdf , page61 used on input line 29.
(pdftex.def)             Requested size: 597.50682pt x 845.04504pt.
File: Notes.pdf Graphic file (type pdf)
<use Notes.pdf, page 61>
Package pdftex.def Info: Notes.pdf , page61 used on input line 29.
(pdftex.def)             Requested size: 597.53416pt x 845.08372pt.
File: Notes.pdf Graphic file (type pdf)
<use Notes.pdf, page 61>
Package pdftex.def Info: Notes.pdf , page61 used on input line 29.
(pdftex.def)             Requested size: 597.53416pt x 845.08372pt.
File: Notes.pdf Graphic file (type pdf)
<use Notes.pdf, page 61>
Package pdftex.def Info: Notes.pdf , page61 used on input line 29.
(pdftex.def)             Requested size: 597.53416pt x 845.08372pt.
File: Notes.pdf Graphic file (type pdf)
<use Notes.pdf, page 61>
Package pdftex.def Info: Notes.pdf , page61 used on input line 29.
(pdftex.def)             Requested size: 597.53416pt x 845.08372pt.
 [39 <./Notes.pdf>]
<Notes.pdf, id=824, page=62, 597.50829pt x 845.0471pt>
File: Notes.pdf Graphic file (type pdf)
<use Notes.pdf, page 62>
Package pdftex.def Info: Notes.pdf , page62 used on input line 29.
(pdftex.def)             Requested size: 597.53416pt x 845.08372pt.
File: Notes.pdf Graphic file (type pdf)
<use Notes.pdf, page 62>
Package pdftex.def Info: Notes.pdf , page62 used on input line 29.
(pdftex.def)             Requested size: 597.53416pt x 845.08372pt.
File: Notes.pdf Graphic file (type pdf)
<use Notes.pdf, page 62>
Package pdftex.def Info: Notes.pdf , page62 used on input line 29.
(pdftex.def)             Requested size: 597.53416pt x 845.08372pt.
 [40 <./Notes.pdf>]
File: Notes.pdf Graphic file (type pdf)
<use Notes.pdf>
Package pdftex.def Info: Notes.pdf  used on input line 30.
(pdftex.def)             Requested size: 597.50682pt x 845.04504pt.
File: Notes.pdf Graphic file (type pdf)
<use Notes.pdf>
Package pdftex.def Info: Notes.pdf  used on input line 30.
(pdftex.def)             Requested size: 597.50682pt x 845.04504pt.
File: Notes.pdf Graphic file (type pdf)
<use Notes.pdf>
Package pdftex.def Info: Notes.pdf  used on input line 30.
(pdftex.def)             Requested size: 597.50682pt x 845.04504pt.
<Notes.pdf, id=867, page=65, 597.50829pt x 845.0471pt>
File: Notes.pdf Graphic file (type pdf)
<use Notes.pdf, page 65>
Package pdftex.def Info: Notes.pdf , page65 used on input line 30.
(pdftex.def)             Requested size: 597.50682pt x 845.04504pt.
File: Notes.pdf Graphic file (type pdf)
<use Notes.pdf, page 65>
Package pdftex.def Info: Notes.pdf , page65 used on input line 30.
(pdftex.def)             Requested size: 597.53416pt x 845.08372pt.
File: Notes.pdf Graphic file (type pdf)
<use Notes.pdf, page 65>
Package pdftex.def Info: Notes.pdf , page65 used on input line 30.
(pdftex.def)             Requested size: 597.53416pt x 845.08372pt.
File: Notes.pdf Graphic file (type pdf)
<use Notes.pdf, page 65>
Package pdftex.def Info: Notes.pdf , page65 used on input line 30.
(pdftex.def)             Requested size: 597.53416pt x 845.08372pt.
File: Notes.pdf Graphic file (type pdf)
<use Notes.pdf, page 65>
Package pdftex.def Info: Notes.pdf , page65 used on input line 30.
(pdftex.def)             Requested size: 597.53416pt x 845.08372pt.
 [41 <./Notes.pdf>]
<Notes.pdf, id=882, page=66, 597.50829pt x 845.0471pt>
File: Notes.pdf Graphic file (type pdf)
<use Notes.pdf, page 66>
Package pdftex.def Info: Notes.pdf , page66 used on input line 30.
(pdftex.def)             Requested size: 597.53416pt x 845.08372pt.
File: Notes.pdf Graphic file (type pdf)
<use Notes.pdf, page 66>
Package pdftex.def Info: Notes.pdf , page66 used on input line 30.
(pdftex.def)             Requested size: 597.53416pt x 845.08372pt.
File: Notes.pdf Graphic file (type pdf)
<use Notes.pdf, page 66>
Package pdftex.def Info: Notes.pdf , page66 used on input line 30.
(pdftex.def)             Requested size: 597.53416pt x 845.08372pt.

[42 <./Notes.pdf>]
File: Notes.pdf Graphic file (type pdf)
<use Notes.pdf>
Package pdftex.def Info: Notes.pdf  used on input line 31.
(pdftex.def)             Requested size: 597.50682pt x 845.04504pt.
File: Notes.pdf Graphic file (type pdf)
<use Notes.pdf>
Package pdftex.def Info: Notes.pdf  used on input line 31.
(pdftex.def)             Requested size: 597.50682pt x 845.04504pt.
File: Notes.pdf Graphic file (type pdf)
<use Notes.pdf>
Package pdftex.def Info: Notes.pdf  used on input line 31.
(pdftex.def)             Requested size: 597.50682pt x 845.04504pt.
<Notes.pdf, id=922, page=67, 597.50829pt x 845.0471pt>
File: Notes.pdf Graphic file (type pdf)
<use Notes.pdf, page 67>
Package pdftex.def Info: Notes.pdf , page67 used on input line 31.
(pdftex.def)             Requested size: 597.50682pt x 845.04504pt.
File: Notes.pdf Graphic file (type pdf)
<use Notes.pdf, page 67>
Package pdftex.def Info: Notes.pdf , page67 used on input line 31.
(pdftex.def)             Requested size: 597.53416pt x 845.08372pt.
File: Notes.pdf Graphic file (type pdf)
<use Notes.pdf, page 67>
Package pdftex.def Info: Notes.pdf , page67 used on input line 31.
(pdftex.def)             Requested size: 597.53416pt x 845.08372pt.
File: Notes.pdf Graphic file (type pdf)
<use Notes.pdf, page 67>
Package pdftex.def Info: Notes.pdf , page67 used on input line 31.
(pdftex.def)             Requested size: 597.53416pt x 845.08372pt.
File: Notes.pdf Graphic file (type pdf)
<use Notes.pdf, page 67>
Package pdftex.def Info: Notes.pdf , page67 used on input line 31.
(pdftex.def)             Requested size: 597.53416pt x 845.08372pt.
 [43 <./Notes.pdf>]
<Notes.pdf, id=932, page=68, 597.50829pt x 845.0471pt>
File: Notes.pdf Graphic file (type pdf)
<use Notes.pdf, page 68>
Package pdftex.def Info: Notes.pdf , page68 used on input line 31.
(pdftex.def)             Requested size: 597.53416pt x 845.08372pt.
File: Notes.pdf Graphic file (type pdf)
<use Notes.pdf, page 68>
Package pdftex.def Info: Notes.pdf , page68 used on input line 31.
(pdftex.def)             Requested size: 597.53416pt x 845.08372pt.
File: Notes.pdf Graphic file (type pdf)
<use Notes.pdf, page 68>
Package pdftex.def Info: Notes.pdf , page68 used on input line 31.
(pdftex.def)             Requested size: 597.53416pt x 845.08372pt.
 [44 <./Notes.pdf>]
File: Notes.pdf Graphic file (type pdf)
<use Notes.pdf>
Package pdftex.def Info: Notes.pdf  used on input line 32.
(pdftex.def)             Requested size: 597.50682pt x 845.04504pt.
File: Notes.pdf Graphic file (type pdf)
<use Notes.pdf>
Package pdftex.def Info: Notes.pdf  used on input line 32.
(pdftex.def)             Requested size: 597.50682pt x 845.04504pt.
File: Notes.pdf Graphic file (type pdf)
<use Notes.pdf>
Package pdftex.def Info: Notes.pdf  used on input line 32.
(pdftex.def)             Requested size: 597.50682pt x 845.04504pt.
<Notes.pdf, id=939, page=69, 597.50829pt x 845.0471pt>
File: Notes.pdf Graphic file (type pdf)
<use Notes.pdf, page 69>
Package pdftex.def Info: Notes.pdf , page69 used on input line 32.
(pdftex.def)             Requested size: 597.50682pt x 845.04504pt.
File: Notes.pdf Graphic file (type pdf)
<use Notes.pdf, page 69>
Package pdftex.def Info: Notes.pdf , page69 used on input line 32.
(pdftex.def)             Requested size: 597.53416pt x 845.08372pt.
File: Notes.pdf Graphic file (type pdf)
<use Notes.pdf, page 69>
Package pdftex.def Info: Notes.pdf , page69 used on input line 32.
(pdftex.def)             Requested size: 597.53416pt x 845.08372pt.
File: Notes.pdf Graphic file (type pdf)
<use Notes.pdf, page 69>
Package pdftex.def Info: Notes.pdf , page69 used on input line 32.
(pdftex.def)             Requested size: 597.53416pt x 845.08372pt.
File: Notes.pdf Graphic file (type pdf)
<use Notes.pdf, page 69>
Package pdftex.def Info: Notes.pdf , page69 used on input line 32.
(pdftex.def)             Requested size: 597.53416pt x 845.08372pt.
 [45 <./Notes.pdf>]
<Notes.pdf, id=975, page=70, 597.50829pt x 845.0471pt>
File: Notes.pdf Graphic file (type pdf)
<use Notes.pdf, page 70>
Package pdftex.def Info: Notes.pdf , page70 used on input line 32.
(pdftex.def)             Requested size: 597.53416pt x 845.08372pt.
File: Notes.pdf Graphic file (type pdf)
<use Notes.pdf, page 70>
Package pdftex.def Info: Notes.pdf , page70 used on input line 32.
(pdftex.def)             Requested size: 597.53416pt x 845.08372pt.
File: Notes.pdf Graphic file (type pdf)
<use Notes.pdf, page 70>
Package pdftex.def Info: Notes.pdf , page70 used on input line 32.
(pdftex.def)             Requested size: 597.53416pt x 845.08372pt.

[46 <./Notes.pdf>]
File: Notes.pdf Graphic file (type pdf)
<use Notes.pdf>
Package pdftex.def Info: Notes.pdf  used on input line 33.
(pdftex.def)             Requested size: 597.50682pt x 845.04504pt.
File: Notes.pdf Graphic file (type pdf)
<use Notes.pdf>
Package pdftex.def Info: Notes.pdf  used on input line 33.
(pdftex.def)             Requested size: 597.50682pt x 845.04504pt.
File: Notes.pdf Graphic file (type pdf)
<use Notes.pdf>
Package pdftex.def Info: Notes.pdf  used on input line 33.
(pdftex.def)             Requested size: 597.50682pt x 845.04504pt.
<Notes.pdf, id=985, page=71, 597.50829pt x 845.0471pt>
File: Notes.pdf Graphic file (type pdf)
<use Notes.pdf, page 71>
Package pdftex.def Info: Notes.pdf , page71 used on input line 33.
(pdftex.def)             Requested size: 597.50682pt x 845.04504pt.
File: Notes.pdf Graphic file (type pdf)
<use Notes.pdf, page 71>
Package pdftex.def Info: Notes.pdf , page71 used on input line 33.
(pdftex.def)             Requested size: 597.53416pt x 845.08372pt.
File: Notes.pdf Graphic file (type pdf)
<use Notes.pdf, page 71>
Package pdftex.def Info: Notes.pdf , page71 used on input line 33.
(pdftex.def)             Requested size: 597.53416pt x 845.08372pt.
File: Notes.pdf Graphic file (type pdf)
<use Notes.pdf, page 71>
Package pdftex.def Info: Notes.pdf , page71 used on input line 33.
(pdftex.def)             Requested size: 597.53416pt x 845.08372pt.
File: Notes.pdf Graphic file (type pdf)
<use Notes.pdf, page 71>
Package pdftex.def Info: Notes.pdf , page71 used on input line 33.
(pdftex.def)             Requested size: 597.53416pt x 845.08372pt.
 [47 <./Notes.pdf>]
<Notes.pdf, id=1016, page=72, 597.50829pt x 845.0471pt>
File: Notes.pdf Graphic file (type pdf)
<use Notes.pdf, page 72>
Package pdftex.def Info: Notes.pdf , page72 used on input line 33.
(pdftex.def)             Requested size: 597.53416pt x 845.08372pt.
File: Notes.pdf Graphic file (type pdf)
<use Notes.pdf, page 72>
Package pdftex.def Info: Notes.pdf , page72 used on input line 33.
(pdftex.def)             Requested size: 597.53416pt x 845.08372pt.
File: Notes.pdf Graphic file (type pdf)
<use Notes.pdf, page 72>
Package pdftex.def Info: Notes.pdf , page72 used on input line 33.
(pdftex.def)             Requested size: 597.53416pt x 845.08372pt.
 [48 <./Notes.pdf>]
File: Notes.pdf Graphic file (type pdf)
<use Notes.pdf>
Package pdftex.def Info: Notes.pdf  used on input line 34.
(pdftex.def)             Requested size: 597.50682pt x 845.04504pt.
File: Notes.pdf Graphic file (type pdf)
<use Notes.pdf>
Package pdftex.def Info: Notes.pdf  used on input line 34.
(pdftex.def)             Requested size: 597.50682pt x 845.04504pt.
File: Notes.pdf Graphic file (type pdf)
<use Notes.pdf>
Package pdftex.def Info: Notes.pdf  used on input line 34.
(pdftex.def)             Requested size: 597.50682pt x 845.04504pt.
<Notes.pdf, id=1026, page=75, 597.50829pt x 845.0471pt>
File: Notes.pdf Graphic file (type pdf)
<use Notes.pdf, page 75>
Package pdftex.def Info: Notes.pdf , page75 used on input line 34.
(pdftex.def)             Requested size: 597.50682pt x 845.04504pt.
File: Notes.pdf Graphic file (type pdf)
<use Notes.pdf, page 75>
Package pdftex.def Info: Notes.pdf , page75 used on input line 34.
(pdftex.def)             Requested size: 597.53416pt x 845.08372pt.
File: Notes.pdf Graphic file (type pdf)
<use Notes.pdf, page 75>
Package pdftex.def Info: Notes.pdf , page75 used on input line 34.
(pdftex.def)             Requested size: 597.53416pt x 845.08372pt.
File: Notes.pdf Graphic file (type pdf)
<use Notes.pdf, page 75>
Package pdftex.def Info: Notes.pdf , page75 used on input line 34.
(pdftex.def)             Requested size: 597.53416pt x 845.08372pt.
File: Notes.pdf Graphic file (type pdf)
<use Notes.pdf, page 75>
Package pdftex.def Info: Notes.pdf , page75 used on input line 34.
(pdftex.def)             Requested size: 597.53416pt x 845.08372pt.
 [49 <./Notes.pdf>]
<Notes.pdf, id=1053, page=76, 597.50829pt x 845.0471pt>
File: Notes.pdf Graphic file (type pdf)
<use Notes.pdf, page 76>
Package pdftex.def Info: Notes.pdf , page76 used on input line 34.
(pdftex.def)             Requested size: 597.53416pt x 845.08372pt.
File: Notes.pdf Graphic file (type pdf)
<use Notes.pdf, page 76>
Package pdftex.def Info: Notes.pdf , page76 used on input line 34.
(pdftex.def)             Requested size: 597.53416pt x 845.08372pt.
File: Notes.pdf Graphic file (type pdf)
<use Notes.pdf, page 76>
Package pdftex.def Info: Notes.pdf , page76 used on input line 34.
(pdftex.def)             Requested size: 597.53416pt x 845.08372pt.

[50 <./Notes.pdf>]
File: Notes.pdf Graphic file (type pdf)
<use Notes.pdf>
Package pdftex.def Info: Notes.pdf  used on input line 35.
(pdftex.def)             Requested size: 597.50682pt x 845.04504pt.
File: Notes.pdf Graphic file (type pdf)
<use Notes.pdf>
Package pdftex.def Info: Notes.pdf  used on input line 35.
(pdftex.def)             Requested size: 597.50682pt x 845.04504pt.
File: Notes.pdf Graphic file (type pdf)
<use Notes.pdf>
Package pdftex.def Info: Notes.pdf  used on input line 35.
(pdftex.def)             Requested size: 597.50682pt x 845.04504pt.
<Notes.pdf, id=1070, page=77, 597.50829pt x 845.0471pt>
File: Notes.pdf Graphic file (type pdf)
<use Notes.pdf, page 77>
Package pdftex.def Info: Notes.pdf , page77 used on input line 35.
(pdftex.def)             Requested size: 597.50682pt x 845.04504pt.
File: Notes.pdf Graphic file (type pdf)
<use Notes.pdf, page 77>
Package pdftex.def Info: Notes.pdf , page77 used on input line 35.
(pdftex.def)             Requested size: 597.53416pt x 845.08372pt.
File: Notes.pdf Graphic file (type pdf)
<use Notes.pdf, page 77>
Package pdftex.def Info: Notes.pdf , page77 used on input line 35.
(pdftex.def)             Requested size: 597.53416pt x 845.08372pt.
File: Notes.pdf Graphic file (type pdf)
<use Notes.pdf, page 77>
Package pdftex.def Info: Notes.pdf , page77 used on input line 35.
(pdftex.def)             Requested size: 597.53416pt x 845.08372pt.
File: Notes.pdf Graphic file (type pdf)
<use Notes.pdf, page 77>
Package pdftex.def Info: Notes.pdf , page77 used on input line 35.
(pdftex.def)             Requested size: 597.53416pt x 845.08372pt.
 [51 <./Notes.pdf>]
<Notes.pdf, id=1104, page=78, 597.50829pt x 845.0471pt>
File: Notes.pdf Graphic file (type pdf)
<use Notes.pdf, page 78>
Package pdftex.def Info: Notes.pdf , page78 used on input line 35.
(pdftex.def)             Requested size: 597.53416pt x 845.08372pt.
File: Notes.pdf Graphic file (type pdf)
<use Notes.pdf, page 78>
Package pdftex.def Info: Notes.pdf , page78 used on input line 35.
(pdftex.def)             Requested size: 597.53416pt x 845.08372pt.
File: Notes.pdf Graphic file (type pdf)
<use Notes.pdf, page 78>
Package pdftex.def Info: Notes.pdf , page78 used on input line 35.
(pdftex.def)             Requested size: 597.53416pt x 845.08372pt.
 [52 <./Notes.pdf>] (Color.aux) ) 
Here is how much of TeX's memory you used:
 3968 strings out of 481258
 57454 string characters out of 2906189
 291052 words of memory out of 3000000
 19468 multiletter control sequences out of 15000+200000
 532636 words of font info for 25 fonts, out of 3000000 for 9000
 1141 hyphenation exceptions out of 8191
 40i,18n,46p,257b,429s stack positions out of 5000i,500n,10000p,200000b,50000s
<C:/Users/gytan/AppData/Local/Programs/MiKTeX 
2.9/fonts/type1/public/amsfonts/cm/cmbx10.pfb><C:/Users/gytan/AppData/Local/Pro
grams/MiKTeX 2.9/fonts/type1/public/amsfonts/cm/cmbx12.pfb><C:/Users/gytan/AppD
ata/Local/Programs/MiKTeX 2.9/fonts/type1/public/amsfonts/cm/cmex10.pfb><C:/Use
rs/gytan/AppData/Local/Programs/MiKTeX 2.9/fonts/type1/public/amsfonts/cm/cmmi1
0.pfb><C:/Users/gytan/AppData/Local/Programs/MiKTeX 2.9/fonts/type1/public/amsf
onts/cm/cmmi12.pfb><C:/Users/gytan/AppData/Local/Programs/MiKTeX 2.9/fonts/type
1/public/amsfonts/cm/cmmi7.pfb><C:/Users/gytan/AppData/Local/Programs/MiKTeX 2.
9/fonts/type1/public/amsfonts/cm/cmmi9.pfb><C:/Users/gytan/AppData/Local/Progra
ms/MiKTeX 2.9/fonts/type1/public/amsfonts/cm/cmr10.pfb><C:/Users/gytan/AppData/
Local/Programs/MiKTeX 2.9/fonts/type1/public/amsfonts/cm/cmr12.pfb><C:/Users/gy
tan/AppData/Local/Programs/MiKTeX 2.9/fonts/type1/public/amsfonts/cm/cmr7.pfb><
C:/Users/gytan/AppData/Local/Programs/MiKTeX 2.9/fonts/type1/public/amsfonts/cm
/cmr9.pfb><C:/Users/gytan/AppData/Local/Programs/MiKTeX 2.9/fonts/type1/public/
amsfonts/cm/cmss10.pfb><C:/Users/gytan/AppData/Local/Programs/MiKTeX 2.9/fonts/
type1/public/amsfonts/cm/cmsy10.pfb><C:/Users/gytan/AppData/Local/Programs/MiKT
eX 2.9/fonts/type1/public/amsfonts/cm/cmsy5.pfb><C:/Users/gytan/AppData/Local/P
rograms/MiKTeX 2.9/fonts/type1/public/amsfonts/cm/cmsy7.pfb><C:/Users/gytan/App
Data/Local/Programs/MiKTeX 2.9/fonts/type1/public/amsfonts/cm/cmti10.pfb><C:/Us
ers/gytan/AppData/Local/Programs/MiKTeX 2.9/fonts/type1/public/amsfonts/latxfon
t/line10.pfb><C:/Users/gytan/AppData/Local/Programs/MiKTeX 2.9/fonts/type1/publ
ic/amsfonts/symbols/msam10.pfb>
Output written on Color.pdf (52 pages, 867880 bytes).
PDF statistics:
 1155 PDF objects out of 1200 (max. 8388607)
 0 named destinations out of 1000 (max. 500000)
 656 words of extra memory for PDF output out of 10000 (max. 10000000)

